<?xml version="1.0" encoding="UTF-8"?>
<!-- Generated by org.testng.reporters.JUnitReportReporter -->
<testsuite hostname="DESKTOP-F2Q23RG" failures="0" tests="1" name="testcases.demo" time="13.635" errors="0" timestamp="2023-09-07T23:23:31 IST" skipped="0">
  <testcase classname="testcases.demo" name="TestYt" time="13.635"/>
  <system-out/>
</testsuite> <!-- testcases.demo -->
