<?xml version="1.0" encoding="UTF-8"?>
<!-- Generated by org.testng.reporters.JUnitReportReporter -->
<testsuite hostname="DESKTOP-F2Q23RG" failures="0" tests="1" name="testcases.demo" time="12.129" errors="0" timestamp="2023-09-07T17:44:35 IST" skipped="0">
  <testcase classname="testcases.demo" name="TestYt" time="12.129"/>
  <system-out/>
</testsuite> <!-- testcases.demo -->
